=== npx tsc --noEmit ===
npm warn Unknown project config "node-linker". This will stop working in the next major version of npm. See `npm help npmrc` for supported config options.

=== npm test -- --runInBand ===
npm warn Unknown project config "node-linker". This will stop working in the next major version of npm. See `npm help npmrc` for supported config options.

> school-map-react-native@1.1.0 test
> jest --runInBand

watchman warning:  Recrawled this watch 9 times, most recently because:
MustScanSubDirs UserDroppedTo resolve, please review the information on
https://facebook.github.io/watchman/docs/troubleshooting.html#recrawl
To clear this warning, run:
`watchman watch-del '/Users/obtuse/gitRepos/school-map-react-native' ; watchman watch-project '/Users/obtuse/gitRepos/school-map-react-native'`

PASS src/services/location/__tests__/particleFusionEngine.test.ts
PASS src/store/__tests__/mapStore.test.ts
PASS src/utils/__tests__/cameraTarget.test.ts
PASS src/services/location/__tests__/deadReckoning.test.ts
PASS src/services/location/__tests__/zoneInference.test.ts

Test Suites: 5 passed, 5 total
Tests:       58 passed, 58 total
Snapshots:   0 total
Time:        1.199 s
Ran all test suites.
